    1445	[INFO]	XnLog.cpp	165	OpenNI version is 1.0.0 (Build 25)-MacOSX (Jan  7 2011 14:20:18)
    1484	[INFO]	XnLog.cpp	173	Log system initialized. Console: 1, File: 1, Severity: INFO, Masks: ALL
    1509	[INFO]	XnLog.cpp	173	Log system initialized. Console: 1, File: 1, Severity: INFO, Masks: ALL
    2533	[INFO]	XnUSBLinux-x86.cpp	98	USB is initialized.
 2539392	[INFO]	XnOpenNI.cpp	1261	Creating node 'Device1' of type Device...
 2540283	[INFO]	XnDeviceModule.cpp	431	Module 'Device' configuration was loaded from file.
 2828791	[INFO]	XnDeviceSensorIO.cpp	135	Connected to USB device
 2828834	[INFO]	XnProperty.cpp	151	Property Device.USBPath was changed to 045e/02ae@38/6.
 2839411	[INFO]	XnHostProtocol.cpp	825	Hardware versions: FW=5.1.4 (7) HW=4 Chip=2 Sensor=4 SYS=7
 4231866	[INFO]	XnProperty.cpp	151	Property Device.ID was changed to 0.
 4231932	[INFO]	XnSensor.cpp	182	Device sensor initialized
 4232029	[INFO]	XnOpenNI.cpp	1261	Creating node 'Depth1' of type Depth...
 4232063	[INFO]	XnDeviceBase.cpp	1383	Creating stream 'Depth1' of type 'Depth'...
 4232079	[INFO]	XnProperty.cpp	74	Setting Device.ReadData to 1...
 4232108	[INFO]	XnDeviceSensorIO.cpp	298	Endpoints open
 4244123	[INFO]	XnProperty.cpp	151	Property Device.ReadData was changed to 1.
 4244160	[INFO]	XnProperty.cpp	101	Device.ReadData was successfully set.
 4244588	[INFO]	XnProperty.cpp	151	Property Depth1.Resolution was changed to 0.
 4244607	[INFO]	XnProperty.cpp	151	Property Depth1.XRes was changed to 320.
 4244620	[INFO]	XnProperty.cpp	151	Property Depth1.YRes was changed to 240.
 4244633	[INFO]	XnProperty.cpp	151	Property Depth1.FPS was changed to 30.
 4244645	[INFO]	XnProperty.cpp	151	Property Depth1.OutputFormat was changed to 1.
 4244657	[INFO]	XnProperty.cpp	151	Property Depth1.BytesPerPixel was changed to 2.
 4244669	[INFO]	XnProperty.cpp	151	Property Depth1.RequiredDataSize was changed to 153600.
 4244684	[INFO]	XnProperty.cpp	151	Property Depth1.ParamCoeff was changed to 4.
 4244735	[INFO]	XnProperty.cpp	151	Property Depth1.ShiftScale was changed to 10.
 4256872	[INFO]	XnProperty.cpp	151	Property Depth1.ConstShift was changed to 200.
 4256998	[INFO]	XnProperty.cpp	151	Property Depth1.ZPD was changed to 120.
 4257123	[INFO]	XnProperty.cpp	151	Property Depth1.ZPPS was changed to 0.104200.
 4257138	[INFO]	XnProperty.cpp	151	Property Depth1.LDDIS was changed to 7.500000.
 4257231	[INFO]	XnProperty.cpp	151	Property Depth1.Gain was changed to 30.
 4257260	[INFO]	XnDeviceBase.cpp	1458	Stream 'Depth1' was initialized.
 4257273	[INFO]	XnDeviceBase.cpp	1463	'Depth1' stream was created.
 4257431	[INFO]	XnProperty.cpp	74	Setting Depth1.InputFormat to 3...
 4257451	[INFO]	XnProperty.cpp	151	Property Depth1.InputFormat was changed to 3.
 4257463	[INFO]	XnProperty.cpp	101	Depth1.InputFormat was successfully set.
 4257958	[INFO]	XnProperty.cpp	74	Setting Depth1.RegistrationType to 2...
 4257974	[INFO]	XnProperty.cpp	151	Property Depth1.RegistrationType was changed to 2.
 4257986	[INFO]	XnProperty.cpp	101	Depth1.RegistrationType was successfully set.
 4258509	[INFO]	XnDeviceModule.cpp	431	Module 'Depth1' configuration was loaded from file.
 4258672	[INFO]	XnProperty.cpp	74	Setting Depth1.FPS to 30...
 4258686	[INFO]	XnProperty.cpp	86	Depth1.FPS value did not change.
 4258698	[INFO]	XnProperty.cpp	74	Setting Depth1.YRes to 480...
 4258712	[INFO]	XnProperty.cpp	151	Property Depth1.Resolution was changed to 1.
 4258725	[INFO]	XnProperty.cpp	151	Property Depth1.XRes was changed to 640.
 4258737	[INFO]	XnProperty.cpp	151	Property Depth1.RequiredDataSize was changed to 307200.
 4258751	[INFO]	XnProperty.cpp	151	Property Depth1.YRes was changed to 480.
 4258763	[INFO]	XnProperty.cpp	151	Property Depth1.RequiredDataSize was changed to 614400.
 4258776	[INFO]	XnProperty.cpp	101	Depth1.YRes was successfully set.
 4258788	[INFO]	XnProperty.cpp	74	Setting Depth1.XRes to 640...
 4258804	[INFO]	XnProperty.cpp	86	Depth1.XRes value did not change.
 4258843	[INFO]	XnProperty.cpp	74	Setting Depth1.Mirror to 1...
 4258856	[INFO]	XnProperty.cpp	151	Property Depth1.FirmwareMirror was changed to 1.
 4258893	[INFO]	XnProperty.cpp	151	Property Depth1.Mirror was changed to 1.
 4258904	[INFO]	XnProperty.cpp	101	Depth1.Mirror was successfully set.
 6393924	[INFO]	XnOpenNI.cpp	1261	Creating node 'User1' of type User...
 6425408	[WARNING]	Linux-x86Threads.cpp	173	Failed to set thread priority: Invalid argument
 6425447	[WARNING]	XnUSBLinux-x86.cpp	126	USB events thread: Failed to set thread priority to critical. This might cause loss of data...
 6426350	[INFO]	XnUSBLinux-x86.cpp	1222	USB read thread was started.
 6426378	[INFO]	XnProperty.cpp	151	Property Depth1.ActualReadData was changed to 1.
 6897139	[INFO]	XnProperty.cpp	151	Property Depth1.State was changed to 1.
 6897189	[INFO]	XnDeviceBase.cpp	370	Stream Depth1 is open.
 9048397	[INFO]	XnOpenNI.cpp	1261	Creating node 'Image1' of type Image...
 9048497	[INFO]	XnDeviceBase.cpp	1383	Creating stream 'Image1' of type 'Image'...
 9048695	[INFO]	XnProperty.cpp	151	Property Image1.Resolution was changed to 0.
 9048724	[INFO]	XnProperty.cpp	151	Property Image1.XRes was changed to 320.
 9048741	[INFO]	XnProperty.cpp	151	Property Image1.YRes was changed to 240.
 9048754	[INFO]	XnProperty.cpp	151	Property Image1.FPS was changed to 30.
 9048767	[INFO]	XnProperty.cpp	151	Property Image1.OutputFormat was changed to 5.
 9048779	[INFO]	XnProperty.cpp	151	Property Image1.BytesPerPixel was changed to 3.
 9048791	[INFO]	XnProperty.cpp	151	Property Image1.RequiredDataSize was changed to 230400.
 9048821	[INFO]	XnDeviceBase.cpp	1458	Stream 'Image1' was initialized.
 9048835	[INFO]	XnDeviceBase.cpp	1463	'Image1' stream was created.
 9048942	[INFO]	XnProperty.cpp	74	Setting Image1.InputFormat to 6...
 9048960	[INFO]	XnProperty.cpp	151	Property Image1.InputFormat was changed to 6.
 9048972	[INFO]	XnProperty.cpp	101	Image1.InputFormat was successfully set.
 9049439	[INFO]	XnDeviceModule.cpp	431	Module 'Image1' configuration was loaded from file.
 9049515	[INFO]	XnProperty.cpp	74	Setting Image1.FPS to 30...
 9049528	[INFO]	XnProperty.cpp	86	Image1.FPS value did not change.
 9049540	[INFO]	XnProperty.cpp	74	Setting Image1.YRes to 480...
 9049552	[INFO]	XnProperty.cpp	151	Property Image1.Resolution was changed to 1.
 9049564	[INFO]	XnProperty.cpp	151	Property Image1.XRes was changed to 640.
 9049576	[INFO]	XnProperty.cpp	151	Property Image1.RequiredDataSize was changed to 460800.
 9049589	[INFO]	XnProperty.cpp	151	Property Image1.YRes was changed to 480.
 9049601	[INFO]	XnProperty.cpp	151	Property Image1.RequiredDataSize was changed to 921600.
 9049613	[INFO]	XnProperty.cpp	101	Image1.YRes was successfully set.
 9049625	[INFO]	XnProperty.cpp	74	Setting Image1.XRes to 640...
 9049636	[INFO]	XnProperty.cpp	86	Image1.XRes value did not change.
 9050541	[INFO]	XnUSBLinux-x86.cpp	1222	USB read thread was started.
 9050570	[INFO]	XnProperty.cpp	151	Property Image1.ActualReadData was changed to 1.
 9230025	[WARNING]	XnDepthProcessor.cpp	133	Read: Depth buffer is corrupt. Size is 544096 (!= 614400)
 9230064	[WARNING]	XnFrameStreamProcessor.cpp	132	Depth frame is corrupt!
 9261999	[WARNING]	XnDepthProcessor.cpp	133	Read: Depth buffer is corrupt. Size is 599712 (!= 614400)
 9262037	[WARNING]	XnFrameStreamProcessor.cpp	132	Depth frame is corrupt!
12133878	[WARNING]	XnDepthProcessor.cpp	133	Read: Depth buffer is corrupt. Size is 595600 (!= 614400)
12133918	[WARNING]	XnFrameStreamProcessor.cpp	132	Depth frame is corrupt!
12251506	[INFO]	XnProperty.cpp	151	Property Image1.State was changed to 1.
12251556	[INFO]	XnDeviceBase.cpp	370	Stream Image1 is open.
12251767	[INFO]	XnProperty.cpp	74	Setting Depth1.Registration to 1...
12266071	[WARNING]	XnDepthProcessor.cpp	133	Read: Depth buffer is corrupt. Size is 583056 (!= 614400)
12266116	[WARNING]	XnFrameStreamProcessor.cpp	132	Depth frame is corrupt!
12297972	[WARNING]	XnDepthProcessor.cpp	133	Read: Depth buffer is corrupt. Size is 588784 (!= 614400)
12298028	[WARNING]	XnFrameStreamProcessor.cpp	132	Depth frame is corrupt!
12405005	[INFO]	XnProperty.cpp	151	Property Depth1.Registration was changed to 1.
12405056	[INFO]	XnProperty.cpp	101	Depth1.Registration was successfully set.
12405353	[INFO]	XnProperty.cpp	74	Setting Image1.Mirror to 1...
12417665	[INFO]	XnProperty.cpp	151	Property Image1.FirmwareMirror was changed to 1.
12417720	[INFO]	XnProperty.cpp	151	Property Image1.Mirror was changed to 1.
12417733	[INFO]	XnProperty.cpp	101	Image1.Mirror was successfully set.
12733829	[WARNING]	XnDepthProcessor.cpp	133	Read: Depth buffer is corrupt. Size is 24672 (!= 614400)
12734423	[WARNING]	XnFrameStreamProcessor.cpp	132	Depth frame is corrupt!
35154493	[INFO]	XnOpenNI.cpp	1459	Destroying node 'User1'
35161227	[INFO]	XnOpenNI.cpp	1459	Destroying node 'Depth1'
35161307	[INFO]	XnDeviceBase.cpp	1507	Destroying stream 'Depth1'...
35162277	[INFO]	XnOpenNI.cpp	1459	Destroying node 'Image1'
35162316	[INFO]	XnDeviceBase.cpp	1507	Destroying stream 'Image1'...
35163033	[INFO]	XnOpenNI.cpp	1459	Destroying node 'Device1'
