    1755	[INFO]	XnLog.cpp	165	OpenNI version is 1.0.0 (Build 25)-MacOSX (Jan  7 2011 14:20:18)
    1794	[INFO]	XnLog.cpp	173	Log system initialized. Console: 1, File: 1, Severity: INFO, Masks: ALL
    1820	[INFO]	XnLog.cpp	173	Log system initialized. Console: 1, File: 1, Severity: INFO, Masks: ALL
    3964	[INFO]	XnUSBLinux-x86.cpp	98	USB is initialized.
 2527186	[INFO]	XnOpenNI.cpp	1261	Creating node 'Device1' of type Device...
 2528099	[INFO]	XnDeviceModule.cpp	431	Module 'Device' configuration was loaded from file.
 2816319	[INFO]	XnDeviceSensorIO.cpp	135	Connected to USB device
 2816362	[INFO]	XnProperty.cpp	151	Property Device.USBPath was changed to 045e/02ae@38/6.
 2827076	[INFO]	XnHostProtocol.cpp	825	Hardware versions: FW=5.1.4 (7) HW=4 Chip=2 Sensor=4 SYS=7
 4217437	[INFO]	XnProperty.cpp	151	Property Device.ID was changed to 0.
 4217484	[INFO]	XnSensor.cpp	182	Device sensor initialized
 4217571	[INFO]	XnOpenNI.cpp	1261	Creating node 'Depth1' of type Depth...
 4217605	[INFO]	XnDeviceBase.cpp	1383	Creating stream 'Depth1' of type 'Depth'...
 4217622	[INFO]	XnProperty.cpp	74	Setting Device.ReadData to 1...
 4217650	[INFO]	XnDeviceSensorIO.cpp	298	Endpoints open
 4229820	[INFO]	XnProperty.cpp	151	Property Device.ReadData was changed to 1.
 4229862	[INFO]	XnProperty.cpp	101	Device.ReadData was successfully set.
 4230285	[INFO]	XnProperty.cpp	151	Property Depth1.Resolution was changed to 0.
 4230304	[INFO]	XnProperty.cpp	151	Property Depth1.XRes was changed to 320.
 4230318	[INFO]	XnProperty.cpp	151	Property Depth1.YRes was changed to 240.
 4230332	[INFO]	XnProperty.cpp	151	Property Depth1.FPS was changed to 30.
 4230345	[INFO]	XnProperty.cpp	151	Property Depth1.OutputFormat was changed to 1.
 4230358	[INFO]	XnProperty.cpp	151	Property Depth1.BytesPerPixel was changed to 2.
 4230371	[INFO]	XnProperty.cpp	151	Property Depth1.RequiredDataSize was changed to 153600.
 4230388	[INFO]	XnProperty.cpp	151	Property Depth1.ParamCoeff was changed to 4.
 4230440	[INFO]	XnProperty.cpp	151	Property Depth1.ShiftScale was changed to 10.
 4242689	[INFO]	XnProperty.cpp	151	Property Depth1.ConstShift was changed to 200.
 4242816	[INFO]	XnProperty.cpp	151	Property Depth1.ZPD was changed to 120.
 4242915	[INFO]	XnProperty.cpp	151	Property Depth1.ZPPS was changed to 0.104200.
 4242929	[INFO]	XnProperty.cpp	151	Property Depth1.LDDIS was changed to 7.500000.
 4243022	[INFO]	XnProperty.cpp	151	Property Depth1.Gain was changed to 30.
 4243050	[INFO]	XnDeviceBase.cpp	1458	Stream 'Depth1' was initialized.
 4243064	[INFO]	XnDeviceBase.cpp	1463	'Depth1' stream was created.
 4243222	[INFO]	XnProperty.cpp	74	Setting Depth1.InputFormat to 3...
 4243241	[INFO]	XnProperty.cpp	151	Property Depth1.InputFormat was changed to 3.
 4243254	[INFO]	XnProperty.cpp	101	Depth1.InputFormat was successfully set.
 4243747	[INFO]	XnProperty.cpp	74	Setting Depth1.RegistrationType to 2...
 4243762	[INFO]	XnProperty.cpp	151	Property Depth1.RegistrationType was changed to 2.
 4243774	[INFO]	XnProperty.cpp	101	Depth1.RegistrationType was successfully set.
 4244298	[INFO]	XnDeviceModule.cpp	431	Module 'Depth1' configuration was loaded from file.
 4244470	[INFO]	XnProperty.cpp	74	Setting Depth1.FPS to 30...
 4244485	[INFO]	XnProperty.cpp	86	Depth1.FPS value did not change.
 4244497	[INFO]	XnProperty.cpp	74	Setting Depth1.YRes to 480...
 4244511	[INFO]	XnProperty.cpp	151	Property Depth1.Resolution was changed to 1.
 4244525	[INFO]	XnProperty.cpp	151	Property Depth1.XRes was changed to 640.
 4244537	[INFO]	XnProperty.cpp	151	Property Depth1.RequiredDataSize was changed to 307200.
 4244551	[INFO]	XnProperty.cpp	151	Property Depth1.YRes was changed to 480.
 4244563	[INFO]	XnProperty.cpp	151	Property Depth1.RequiredDataSize was changed to 614400.
 4244576	[INFO]	XnProperty.cpp	101	Depth1.YRes was successfully set.
 4244588	[INFO]	XnProperty.cpp	74	Setting Depth1.XRes to 640...
 4244599	[INFO]	XnProperty.cpp	86	Depth1.XRes value did not change.
 4244639	[INFO]	XnProperty.cpp	74	Setting Depth1.Mirror to 1...
 4244653	[INFO]	XnProperty.cpp	151	Property Depth1.FirmwareMirror was changed to 1.
 4244688	[INFO]	XnProperty.cpp	151	Property Depth1.Mirror was changed to 1.
 4244700	[INFO]	XnProperty.cpp	101	Depth1.Mirror was successfully set.
 6384229	[INFO]	XnOpenNI.cpp	1261	Creating node 'User1' of type User...
 6413937	[WARNING]	Linux-x86Threads.cpp	173	Failed to set thread priority: Invalid argument
 6413974	[WARNING]	XnUSBLinux-x86.cpp	126	USB events thread: Failed to set thread priority to critical. This might cause loss of data...
 6414923	[INFO]	XnUSBLinux-x86.cpp	1222	USB read thread was started.
 6414954	[INFO]	XnProperty.cpp	151	Property Depth1.ActualReadData was changed to 1.
 6887229	[INFO]	XnProperty.cpp	151	Property Depth1.State was changed to 1.
 6887280	[INFO]	XnDeviceBase.cpp	370	Stream Depth1 is open.
 9042257	[INFO]	XnOpenNI.cpp	1261	Creating node 'Image1' of type Image...
 9042302	[INFO]	XnDeviceBase.cpp	1383	Creating stream 'Image1' of type 'Image'...
 9042493	[INFO]	XnProperty.cpp	151	Property Image1.Resolution was changed to 0.
 9042509	[INFO]	XnProperty.cpp	151	Property Image1.XRes was changed to 320.
 9042522	[INFO]	XnProperty.cpp	151	Property Image1.YRes was changed to 240.
 9042535	[INFO]	XnProperty.cpp	151	Property Image1.FPS was changed to 30.
 9042547	[INFO]	XnProperty.cpp	151	Property Image1.OutputFormat was changed to 5.
 9042559	[INFO]	XnProperty.cpp	151	Property Image1.BytesPerPixel was changed to 3.
 9042571	[INFO]	XnProperty.cpp	151	Property Image1.RequiredDataSize was changed to 230400.
 9042599	[INFO]	XnDeviceBase.cpp	1458	Stream 'Image1' was initialized.
 9042612	[INFO]	XnDeviceBase.cpp	1463	'Image1' stream was created.
 9042714	[INFO]	XnProperty.cpp	74	Setting Image1.InputFormat to 6...
 9042732	[INFO]	XnProperty.cpp	151	Property Image1.InputFormat was changed to 6.
 9042745	[INFO]	XnProperty.cpp	101	Image1.InputFormat was successfully set.
 9043209	[INFO]	XnDeviceModule.cpp	431	Module 'Image1' configuration was loaded from file.
 9043285	[INFO]	XnProperty.cpp	74	Setting Image1.FPS to 30...
 9043298	[INFO]	XnProperty.cpp	86	Image1.FPS value did not change.
 9043310	[INFO]	XnProperty.cpp	74	Setting Image1.YRes to 480...
 9043323	[INFO]	XnProperty.cpp	151	Property Image1.Resolution was changed to 1.
 9043335	[INFO]	XnProperty.cpp	151	Property Image1.XRes was changed to 640.
 9043347	[INFO]	XnProperty.cpp	151	Property Image1.RequiredDataSize was changed to 460800.
 9043360	[INFO]	XnProperty.cpp	151	Property Image1.YRes was changed to 480.
 9043372	[INFO]	XnProperty.cpp	151	Property Image1.RequiredDataSize was changed to 921600.
 9043384	[INFO]	XnProperty.cpp	101	Image1.YRes was successfully set.
 9043396	[INFO]	XnProperty.cpp	74	Setting Image1.XRes to 640...
 9043407	[INFO]	XnProperty.cpp	86	Image1.XRes value did not change.
 9044393	[INFO]	XnUSBLinux-x86.cpp	1222	USB read thread was started.
 9044422	[INFO]	XnProperty.cpp	151	Property Image1.ActualReadData was changed to 1.
 9118565	[WARNING]	XnDepthProcessor.cpp	133	Read: Depth buffer is corrupt. Size is 592688 (!= 614400)
 9118611	[WARNING]	XnFrameStreamProcessor.cpp	132	Depth frame is corrupt!
 9218492	[WARNING]	XnDepthProcessor.cpp	133	Read: Depth buffer is corrupt. Size is 560096 (!= 614400)
 9218530	[WARNING]	XnFrameStreamProcessor.cpp	132	Depth frame is corrupt!
12244428	[INFO]	XnProperty.cpp	151	Property Image1.State was changed to 1.
12244480	[INFO]	XnDeviceBase.cpp	370	Stream Image1 is open.
12244683	[INFO]	XnProperty.cpp	74	Setting Depth1.Registration to 1...
12258359	[WARNING]	XnDepthProcessor.cpp	133	Read: Depth buffer is corrupt. Size is 574960 (!= 614400)
12258412	[WARNING]	XnFrameStreamProcessor.cpp	132	Depth frame is corrupt!
12397573	[INFO]	XnProperty.cpp	151	Property Depth1.Registration was changed to 1.
12397623	[INFO]	XnProperty.cpp	101	Depth1.Registration was successfully set.
12397679	[INFO]	XnProperty.cpp	74	Setting Image1.Mirror to 1...
12410075	[INFO]	XnProperty.cpp	151	Property Image1.FirmwareMirror was changed to 1.
12410126	[INFO]	XnProperty.cpp	151	Property Image1.Mirror was changed to 1.
12410150	[INFO]	XnProperty.cpp	101	Image1.Mirror was successfully set.
12756424	[WARNING]	XnDepthProcessor.cpp	133	Read: Depth buffer is corrupt. Size is 520048 (!= 614400)
12756600	[WARNING]	XnFrameStreamProcessor.cpp	132	Depth frame is corrupt!
17149056	[INFO]	XnOpenNI.cpp	1459	Destroying node 'User1'
17155502	[INFO]	XnOpenNI.cpp	1459	Destroying node 'Depth1'
17155573	[INFO]	XnDeviceBase.cpp	1507	Destroying stream 'Depth1'...
17156658	[INFO]	XnOpenNI.cpp	1459	Destroying node 'Image1'
17156697	[INFO]	XnDeviceBase.cpp	1507	Destroying stream 'Image1'...
17157535	[INFO]	XnOpenNI.cpp	1459	Destroying node 'Device1'
